Hello world from block 4 
Hello world from block 4 
Hello world from block 4 
Hello world from block 4 
Hello world from block 4 
Hello world from block 4 
Hello world from block 4 
Hello world from block 4 
Hello world from block 4 
Hello world from block 4 
Hello world from block 0 
Hello world from block 0 
Hello world from block 0 
Hello world from block 0 
Hello world from block 0 
Hello world from block 0 
Hello world from block 0 
Hello world from block 0 
Hello world from block 0 
Hello world from block 0 
Hello world from block 3 
Hello world from block 3 
Hello world from block 3 
Hello world from block 3 
Hello world from block 3 
Hello world from block 3 
Hello world from block 3 
Hello world from block 3 
Hello world from block 3 
Hello world from block 3 
Hello world from block 1 
Hello world from block 1 
Hello world from block 1 
Hello world from block 1 
Hello world from block 1 
Hello world from block 1 
Hello world from block 1 
Hello world from block 1 
Hello world from block 1 
Hello world from block 1 
Hello world from block 2 
Hello world from block 2 
Hello world from block 2 
Hello world from block 2 
Hello world from block 2 
Hello world from block 2 
Hello world from block 2 
Hello world from block 2 
Hello world from block 2 
Hello world from block 2 
Hello world from block 0, thread 0 
Hello world from block 0, thread 1 
Hello world from block 0, thread 2 
Hello world from block 0, thread 3 
Hello world from block 0, thread 4 
Hello world from block 0, thread 5 
Hello world from block 0, thread 6 
Hello world from block 0, thread 7 
Hello world from block 0, thread 8 
Hello world from block 0, thread 9 
Hello world from block 4, thread 40 
Hello world from block 4, thread 41 
Hello world from block 4, thread 42 
Hello world from block 4, thread 43 
Hello world from block 4, thread 44 
Hello world from block 4, thread 45 
Hello world from block 4, thread 46 
Hello world from block 4, thread 47 
Hello world from block 4, thread 48 
Hello world from block 4, thread 49 
Hello world from block 2, thread 20 
Hello world from block 2, thread 21 
Hello world from block 2, thread 22 
Hello world from block 2, thread 23 
Hello world from block 2, thread 24 
Hello world from block 2, thread 25 
Hello world from block 2, thread 26 
Hello world from block 2, thread 27 
Hello world from block 2, thread 28 
Hello world from block 2, thread 29 
Hello world from block 3, thread 30 
Hello world from block 3, thread 31 
Hello world from block 3, thread 32 
Hello world from block 3, thread 33 
Hello world from block 3, thread 34 
Hello world from block 3, thread 35 
Hello world from block 3, thread 36 
Hello world from block 3, thread 37 
Hello world from block 3, thread 38 
Hello world from block 3, thread 39 
Hello world from block 1, thread 10 
Hello world from block 1, thread 11 
Hello world from block 1, thread 12 
Hello world from block 1, thread 13 
Hello world from block 1, thread 14 
Hello world from block 1, thread 15 
Hello world from block 1, thread 16 
Hello world from block 1, thread 17 
Hello world from block 1, thread 18 
Hello world from block 1, thread 19 
Hello world from block (1,1,0), thread 6 
Hello world from block (1,1,0), thread 7 
Hello world from block (1,1,0), thread 8 
Hello world from block (1,1,0), thread 9 
Hello world from block (1,1,0), thread 10 
Hello world from block (0,1,1), thread 2 
Hello world from block (0,1,1), thread 3 
Hello world from block (0,1,1), thread 4 
Hello world from block (0,1,1), thread 5 
Hello world from block (0,1,1), thread 6 
Hello world from block (0,1,0), thread 1 
Hello world from block (0,1,0), thread 2 
Hello world from block (0,1,0), thread 3 
Hello world from block (0,1,0), thread 4 
Hello world from block (0,1,0), thread 5 
Hello world from block (0,0,0), thread 0 
Hello world from block (0,0,0), thread 1 
Hello world from block (0,0,0), thread 2 
Hello world from block (0,0,0), thread 3 
Hello world from block (0,0,0), thread 4 
Hello world from block (1,1,1), thread 7 
Hello world from block (1,1,1), thread 8 
Hello world from block (1,1,1), thread 9 
Hello world from block (1,1,1), thread 10 
Hello world from block (1,1,1), thread 11 
Hello world from block (2,0,0), thread 10 
Hello world from block (2,0,0), thread 11 
Hello world from block (2,0,0), thread 12 
Hello world from block (2,0,0), thread 13 
Hello world from block (2,0,0), thread 14 
Hello world from block (0,0,1), thread 1 
Hello world from block (0,0,1), thread 2 
Hello world from block (0,0,1), thread 3 
Hello world from block (0,0,1), thread 4 
Hello world from block (0,0,1), thread 5 
Hello world from block (2,0,1), thread 11 
Hello world from block (2,0,1), thread 12 
Hello world from block (2,0,1), thread 13 
Hello world from block (2,0,1), thread 14 
Hello world from block (2,0,1), thread 15 
Hello world from block (1,0,1), thread 6 
Hello world from block (1,0,1), thread 7 
Hello world from block (1,0,1), thread 8 
Hello world from block (1,0,1), thread 9 
Hello world from block (1,0,1), thread 10 
Hello world from block (1,0,0), thread 5 
Hello world from block (1,0,0), thread 6 
Hello world from block (1,0,0), thread 7 
Hello world from block (1,0,0), thread 8 
Hello world from block (1,0,0), thread 9 
Hello world from block (2,1,1), thread 12 
Hello world from block (2,1,1), thread 13 
Hello world from block (2,1,1), thread 14 
Hello world from block (2,1,1), thread 15 
Hello world from block (2,1,1), thread 16 
Hello world from block (2,1,0), thread 11 
Hello world from block (2,1,0), thread 12 
Hello world from block (2,1,0), thread 13 
Hello world from block (2,1,0), thread 14 
Hello world from block (2,1,0), thread 15 
Hello world from block 3, warp 224 
Hello world from block 3, warp 225 
Hello world from block 3, warp 226 
Hello world from block 3, warp 227 
Hello world from block 3, warp 228 
Hello world from block 3, warp 229 
Hello world from block 3, warp 230 
Hello world from block 3, warp 231 
Hello world from block 3, warp 232 
Hello world from block 3, warp 233 
Hello world from block 3, warp 234 
Hello world from block 3, warp 235 
Hello world from block 3, warp 236 
Hello world from block 3, warp 237 
Hello world from block 3, warp 238 
Hello world from block 3, warp 239 
Hello world from block 3, warp 240 
Hello world from block 3, warp 241 
Hello world from block 3, warp 242 
Hello world from block 3, warp 243 
Hello world from block 3, warp 244 
Hello world from block 3, warp 245 
Hello world from block 3, warp 246 
Hello world from block 3, warp 247 
Hello world from block 3, warp 248 
Hello world from block 3, warp 249 
Hello world from block 3, warp 250 
Hello world from block 3, warp 251 
Hello world from block 3, warp 252 
Hello world from block 3, warp 253 
Hello world from block 3, warp 254 
Hello world from block 3, warp 255 
Hello world from block 3, warp 96 
Hello world from block 3, warp 97 
Hello world from block 3, warp 98 
Hello world from block 3, warp 99 
Hello world from block 3, warp 100 
Hello world from block 3, warp 101 
Hello world from block 3, warp 102 
Hello world from block 3, warp 103 
Hello world from block 3, warp 104 
Hello world from block 3, warp 105 
Hello world from block 3, warp 106 
Hello world from block 3, warp 107 
Hello world from block 3, warp 108 
Hello world from block 3, warp 109 
Hello world from block 3, warp 110 
Hello world from block 3, warp 111 
Hello world from block 3, warp 112 
Hello world from block 3, warp 113 
Hello world from block 3, warp 114 
Hello world from block 3, warp 115 
Hello world from block 3, warp 116 
Hello world from block 3, warp 117 
Hello world from block 3, warp 118 
Hello world from block 3, warp 119 
Hello world from block 3, warp 120 
Hello world from block 3, warp 121 
Hello world from block 3, warp 122 
Hello world from block 3, warp 123 
Hello world from block 3, warp 124 
Hello world from block 3, warp 125 
Hello world from block 3, warp 126 
Hello world from block 3, warp 127 
Hello world from block 0, warp 192 
Hello world from block 0, warp 193 
Hello world from block 0, warp 194 
Hello world from block 0, warp 195 
Hello world from block 0, warp 196 
Hello world from block 0, warp 197 
Hello world from block 0, warp 198 
Hello world from block 0, warp 199 
Hello world from block 0, warp 200 
Hello world from block 0, warp 201 
Hello world from block 0, warp 202 
Hello world from block 0, warp 203 
Hello world from block 0, warp 204 
Hello world from block 0, warp 205 
Hello world from block 0, warp 206 
Hello world from block 0, warp 207 
Hello world from block 0, warp 208 
Hello world from block 0, warp 209 
Hello world from block 0, warp 210 
Hello world from block 0, warp 211 
Hello world from block 0, warp 212 
Hello world from block 0, warp 213 
Hello world from block 0, warp 214 
Hello world from block 0, warp 215 
Hello world from block 0, warp 216 
Hello world from block 0, warp 217 
Hello world from block 0, warp 218 
Hello world from block 0, warp 219 
Hello world from block 0, warp 220 
Hello world from block 0, warp 221 
Hello world from block 0, warp 222 
Hello world from block 0, warp 223 
Hello world from block 4, warp 64 
Hello world from block 4, warp 65 
Hello world from block 4, warp 66 
Hello world from block 4, warp 67 
Hello world from block 4, warp 68 
Hello world from block 4, warp 69 
Hello world from block 4, warp 70 
Hello world from block 4, warp 71 
Hello world from block 4, warp 72 
Hello world from block 4, warp 73 
Hello world from block 4, warp 74 
Hello world from block 4, warp 75 
Hello world from block 4, warp 76 
Hello world from block 4, warp 77 
Hello world from block 4, warp 78 
Hello world from block 4, warp 79 
Hello world from block 4, warp 80 
Hello world from block 4, warp 81 
Hello world from block 4, warp 82 
Hello world from block 4, warp 83 
Hello world from block 4, warp 84 
Hello world from block 4, warp 85 
Hello world from block 4, warp 86 
Hello world from block 4, warp 87 
Hello world from block 4, warp 88 
Hello world from block 4, warp 89 
Hello world from block 4, warp 90 
Hello world from block 4, warp 91 
Hello world from block 4, warp 92 
Hello world from block 4, warp 93 
Hello world from block 4, warp 94 
Hello world from block 4, warp 95 
Hello world from block 4, warp 224 
Hello world from block 4, warp 225 
Hello world from block 4, warp 226 
Hello world from block 4, warp 227 
Hello world from block 4, warp 228 
Hello world from block 4, warp 229 
Hello world from block 4, warp 230 
Hello world from block 4, warp 231 
Hello world from block 4, warp 232 
Hello world from block 4, warp 233 
Hello world from block 4, warp 234 
Hello world from block 4, warp 235 
Hello world from block 4, warp 236 
Hello world from block 4, warp 237 
Hello world from block 4, warp 238 
Hello world from block 4, warp 239 
Hello world from block 4, warp 240 
Hello world from block 4, warp 241 
Hello world from block 4, warp 242 
Hello world from block 4, warp 243 
Hello world from block 4, warp 244 
Hello world from block 4, warp 245 
Hello world from block 4, warp 246 
Hello world from block 4, warp 247 
Hello world from block 4, warp 248 
Hello world from block 4, warp 249 
Hello world from block 4, warp 250 
Hello world from block 4, warp 251 
Hello world from block 4, warp 252 
Hello world from block 4, warp 253 
Hello world from block 4, warp 254 
Hello world from block 4, warp 255 
Hello world from block 3, warp 192 
Hello world from block 3, warp 193 
Hello world from block 3, warp 194 
Hello world from block 3, warp 195 
Hello world from block 3, warp 196 
Hello world from block 3, warp 197 
Hello world from block 3, warp 198 
Hello world from block 3, warp 199 
Hello world from block 3, warp 200 
Hello world from block 3, warp 201 
Hello world from block 3, warp 202 
Hello world from block 3, warp 203 
Hello world from block 3, warp 204 
Hello world from block 3, warp 205 
Hello world from block 3, warp 206 
Hello world from block 3, warp 207 
Hello world from block 3, warp 208 
Hello world from block 3, warp 209 
Hello world from block 3, warp 210 
Hello world from block 3, warp 211 
Hello world from block 3, warp 212 
Hello world from block 3, warp 213 
Hello world from block 3, warp 214 
Hello world from block 3, warp 215 
Hello world from block 3, warp 216 
Hello world from block 3, warp 217 
Hello world from block 3, warp 218 
Hello world from block 3, warp 219 
Hello world from block 3, warp 220 
Hello world from block 3, warp 221 
Hello world from block 3, warp 222 
Hello world from block 3, warp 223 
Hello world from block 0, warp 96 
Hello world from block 0, warp 97 
Hello world from block 0, warp 98 
Hello world from block 0, warp 99 
Hello world from block 0, warp 100 
Hello world from block 0, warp 101 
Hello world from block 0, warp 102 
Hello world from block 0, warp 103 
Hello world from block 0, warp 104 
Hello world from block 0, warp 105 
Hello world from block 0, warp 106 
Hello world from block 0, warp 107 
Hello world from block 0, warp 108 
Hello world from block 0, warp 109 
Hello world from block 0, warp 110 
Hello world from block 0, warp 111 
Hello world from block 0, warp 112 
Hello world from block 0, warp 113 
Hello world from block 0, warp 114 
Hello world from block 0, warp 115 
Hello world from block 0, warp 116 
Hello world from block 0, warp 117 
Hello world from block 0, warp 118 
Hello world from block 0, warp 119 
Hello world from block 0, warp 120 
Hello world from block 0, warp 121 
Hello world from block 0, warp 122 
Hello world from block 0, warp 123 
Hello world from block 0, warp 124 
Hello world from block 0, warp 125 
Hello world from block 0, warp 126 
Hello world from block 0, warp 127 
Hello world from block 3, warp 64 
Hello world from block 3, warp 65 
Hello world from block 3, warp 66 
Hello world from block 3, warp 67 
Hello world from block 3, warp 68 
Hello world from block 3, warp 69 
Hello world from block 3, warp 70 
Hello world from block 3, warp 71 
Hello world from block 3, warp 72 
Hello world from block 3, warp 73 
Hello world from block 3, warp 74 
Hello world from block 3, warp 75 
Hello world from block 3, warp 76 
Hello world from block 3, warp 77 
Hello world from block 3, warp 78 
Hello world from block 3, warp 79 
Hello world from block 3, warp 80 
Hello world from block 3, warp 81 
Hello world from block 3, warp 82 
Hello world from block 3, warp 83 
Hello world from block 3, warp 84 
Hello world from block 3, warp 85 
Hello world from block 3, warp 86 
Hello world from block 3, warp 87 
Hello world from block 3, warp 88 
Hello world from block 3, warp 89 
Hello world from block 3, warp 90 
Hello world from block 3, warp 91 
Hello world from block 3, warp 92 
Hello world from block 3, warp 93 
Hello world from block 3, warp 94 
Hello world from block 3, warp 95 
Hello world from block 2, warp 64 
Hello world from block 2, warp 65 
Hello world from block 2, warp 66 
Hello world from block 2, warp 67 
Hello world from block 2, warp 68 
Hello world from block 2, warp 69 
Hello world from block 2, warp 70 
Hello world from block 2, warp 71 
Hello world from block 2, warp 72 
Hello world from block 2, warp 73 
Hello world from block 2, warp 74 
Hello world from block 2, warp 75 
Hello world from block 2, warp 76 
Hello world from block 2, warp 77 
Hello world from block 2, warp 78 
Hello world from block 2, warp 79 
Hello world from block 2, warp 80 
Hello world from block 2, warp 81 
Hello world from block 2, warp 82 
Hello world from block 2, warp 83 
Hello world from block 2, warp 84 
Hello world from block 2, warp 85 
Hello world from block 2, warp 86 
Hello world from block 2, warp 87 
Hello world from block 2, warp 88 
Hello world from block 2, warp 89 
Hello world from block 2, warp 90 
Hello world from block 2, warp 91 
Hello world from block 2, warp 92 
Hello world from block 2, warp 93 
Hello world from block 2, warp 94 
Hello world from block 2, warp 95 
Hello world from block 4, warp 192 
Hello world from block 4, warp 193 
Hello world from block 4, warp 194 
Hello world from block 4, warp 195 
Hello world from block 4, warp 196 
Hello world from block 4, warp 197 
Hello world from block 4, warp 198 
Hello world from block 4, warp 199 
Hello world from block 4, warp 200 
Hello world from block 4, warp 201 
Hello world from block 4, warp 202 
Hello world from block 4, warp 203 
Hello world from block 4, warp 204 
Hello world from block 4, warp 205 
Hello world from block 4, warp 206 
Hello world from block 4, warp 207 
Hello world from block 4, warp 208 
Hello world from block 4, warp 209 
Hello world from block 4, warp 210 
Hello world from block 4, warp 211 
Hello world from block 4, warp 212 
Hello world from block 4, warp 213 
Hello world from block 4, warp 214 
Hello world from block 4, warp 215 
Hello world from block 4, warp 216 
Hello world from block 4, warp 217 
Hello world from block 4, warp 218 
Hello world from block 4, warp 219 
Hello world from block 4, warp 220 
Hello world from block 4, warp 221 
Hello world from block 4, warp 222 
Hello world from block 4, warp 223 
Hello world from block 0, warp 224 
Hello world from block 0, warp 225 
Hello world from block 0, warp 226 
Hello world from block 0, warp 227 
Hello world from block 0, warp 228 
Hello world from block 0, warp 229 
Hello world from block 0, warp 230 
Hello world from block 0, warp 231 
Hello world from block 0, warp 232 
Hello world from block 0, warp 233 
Hello world from block 0, warp 234 
Hello world from block 0, warp 235 
Hello world from block 0, warp 236 
Hello world from block 0, warp 237 
Hello world from block 0, warp 238 
Hello world from block 0, warp 239 
Hello world from block 0, warp 240 
Hello world from block 0, warp 241 
Hello world from block 0, warp 242 
Hello world from block 0, warp 243 
Hello world from block 0, warp 244 
Hello world from block 0, warp 245 
Hello world from block 0, warp 246 
Hello world from block 0, warp 247 
Hello world from block 0, warp 248 
Hello world from block 0, warp 249 
Hello world from block 0, warp 250 
Hello world from block 0, warp 251 
Hello world from block 0, warp 252 
Hello world from block 0, warp 253 
Hello world from block 0, warp 254 
Hello world from block 0, warp 255 
Hello world from block 4, warp 96 
Hello world from block 4, warp 97 
Hello world from block 4, warp 98 
Hello world from block 4, warp 99 
Hello world from block 4, warp 100 
Hello world from block 4, warp 101 
Hello world from block 4, warp 102 
Hello world from block 4, warp 103 
Hello world from block 4, warp 104 
Hello world from block 4, warp 105 
Hello world from block 4, warp 106 
Hello world from block 4, warp 107 
Hello world from block 4, warp 108 
Hello world from block 4, warp 109 
Hello world from block 4, warp 110 
Hello world from block 4, warp 111 
Hello world from block 4, warp 112 
Hello world from block 4, warp 113 
Hello world from block 4, warp 114 
Hello world from block 4, warp 115 
Hello world from block 4, warp 116 
Hello world from block 4, warp 117 
Hello world from block 4, warp 118 
Hello world from block 4, warp 119 
Hello world from block 4, warp 120 
Hello world from block 4, warp 121 
Hello world from block 4, warp 122 
Hello world from block 4, warp 123 
Hello world from block 4, warp 124 
Hello world from block 4, warp 125 
Hello world from block 4, warp 126 
Hello world from block 4, warp 127 
Hello world from block 0, warp 64 
Hello world from block 0, warp 65 
Hello world from block 0, warp 66 
Hello world from block 0, warp 67 
Hello world from block 0, warp 68 
Hello world from block 0, warp 69 
Hello world from block 0, warp 70 
Hello world from block 0, warp 71 
Hello world from block 0, warp 72 
Hello world from block 0, warp 73 
Hello world from block 0, warp 74 
Hello world from block 0, warp 75 
Hello world from block 0, warp 76 
Hello world from block 0, warp 77 
Hello world from block 0, warp 78 
Hello world from block 0, warp 79 
Hello world from block 0, warp 80 
Hello world from block 0, warp 81 
Hello world from block 0, warp 82 
Hello world from block 0, warp 83 
Hello world from block 0, warp 84 
Hello world from block 0, warp 85 
Hello world from block 0, warp 86 
Hello world from block 0, warp 87 
Hello world from block 0, warp 88 
Hello world from block 0, warp 89 
Hello world from block 0, warp 90 
Hello world from block 0, warp 91 
Hello world from block 0, warp 92 
Hello world from block 0, warp 93 
Hello world from block 0, warp 94 
Hello world from block 0, warp 95 
Hello world from block 0, warp 256 
Hello world from block 0, warp 257 
Hello world from block 0, warp 258 
Hello world from block 0, warp 259 
Hello world from block 0, warp 260 
Hello world from block 0, warp 261 
Hello world from block 0, warp 262 
Hello world from block 0, warp 263 
Hello world from block 0, warp 264 
Hello world from block 0, warp 265 
Hello world from block 0, warp 266 
Hello world from block 0, warp 267 
Hello world from block 0, warp 268 
Hello world from block 0, warp 269 
Hello world from block 0, warp 270 
Hello world from block 0, warp 271 
Hello world from block 0, warp 272 
Hello world from block 0, warp 273 
Hello world from block 0, warp 274 
Hello world from block 0, warp 275 
Hello world from block 0, warp 276 
Hello world from block 0, warp 277 
Hello world from block 0, warp 278 
Hello world from block 0, warp 279 
Hello world from block 0, warp 280 
Hello world from block 0, warp 281 
Hello world from block 0, warp 282 
Hello world from block 0, warp 283 
Hello world from block 0, warp 284 
Hello world from block 0, warp 285 
Hello world from block 0, warp 286 
Hello world from block 0, warp 287 
Hello world from block 3, warp 288 
Hello world from block 3, warp 289 
Hello world from block 3, warp 290 
Hello world from block 3, warp 291 
Hello world from block 3, warp 292 
Hello world from block 3, warp 293 
Hello world from block 3, warp 294 
Hello world from block 3, warp 295 
Hello world from block 3, warp 296 
Hello world from block 3, warp 297 
Hello world from block 3, warp 298 
Hello world from block 3, warp 299 
Hello world from block 3, warp 300 
Hello world from block 3, warp 301 
Hello world from block 3, warp 302 
Hello world from block 3, warp 303 
Hello world from block 3, warp 304 
Hello world from block 3, warp 305 
Hello world from block 3, warp 306 
Hello world from block 3, warp 307 
Hello world from block 3, warp 308 
Hello world from block 3, warp 309 
Hello world from block 3, warp 310 
Hello world from block 3, warp 311 
Hello world from block 3, warp 312 
Hello world from block 3, warp 313 
Hello world from block 3, warp 314 
Hello world from block 3, warp 315 
Hello world from block 3, warp 316 
Hello world from block 3, warp 317 
Hello world from block 3, warp 318 
Hello world from block 3, warp 319 
Hello world from block 0, warp 32 
Hello world from block 0, warp 33 
Hello world from block 0, warp 34 
Hello world from block 0, warp 35 
Hello world from block 0, warp 36 
Hello world from block 0, warp 37 
Hello world from block 0, warp 38 
Hello world from block 0, warp 39 
Hello world from block 0, warp 40 
Hello world from block 0, warp 41 
Hello world from block 0, warp 42 
Hello world from block 0, warp 43 
Hello world from block 0, warp 44 
Hello world from block 0, warp 45 
Hello world from block 0, warp 46 
Hello world from block 0, warp 47 
Hello world from block 0, warp 48 
Hello world from block 0, warp 49 
Hello world from block 0, warp 50 
Hello world from block 0, warp 51 
Hello world from block 0, warp 52 
Hello world from block 0, warp 53 
Hello world from block 0, warp 54 
Hello world from block 0, warp 55 
Hello world from block 0, warp 56 
Hello world from block 0, warp 57 
Hello world from block 0, warp 58 
Hello world from block 0, warp 59 
Hello world from block 0, warp 60 
Hello world from block 0, warp 61 
Hello world from block 0, warp 62 
Hello world from block 0, warp 63 
Hello world from block 4, warp 256 
Hello world from block 4, warp 257 
Hello world from block 4, warp 258 
Hello world from block 4, warp 259 
Hello world from block 4, warp 260 
Hello world from block 4, warp 261 
Hello world from block 4, warp 262 
Hello world from block 4, warp 263 
Hello world from block 4, warp 264 
Hello world from block 4, warp 265 
Hello world from block 4, warp 266 
Hello world from block 4, warp 267 
Hello world from block 4, warp 268 
Hello world from block 4, warp 269 
Hello world from block 4, warp 270 
Hello world from block 4, warp 271 
Hello world from block 4, warp 272 
Hello world from block 4, warp 273 
Hello world from block 4, warp 274 
Hello world from block 4, warp 275 
Hello world from block 4, warp 276 
Hello world from block 4, warp 277 
Hello world from block 4, warp 278 
Hello world from block 4, warp 279 
Hello world from block 4, warp 280 
Hello world from block 4, warp 281 
Hello world from block 4, warp 282 
Hello world from block 4, warp 283 
Hello world from block 4, warp 284 
Hello world from block 4, warp 285 
Hello world from block 4, warp 286 
Hello world from block 4, warp 287 
Hello world from block 4, warp 160 
Hello world from block 4, warp 161 
Hello world from block 4, warp 162 
Hello world from block 4, warp 163 
Hello world from block 4, warp 164 
Hello world from block 4, warp 165 
Hello world from block 4, warp 166 
Hello world from block 4, warp 167 
Hello world from block 4, warp 168 
Hello world from block 4, warp 169 
Hello world from block 4, warp 170 
Hello world from block 4, warp 171 
Hello world from block 4, warp 172 
Hello world from block 4, warp 173 
Hello world from block 4, warp 174 
Hello world from block 4, warp 175 
Hello world from block 4, warp 176 
Hello world from block 4, warp 177 
Hello world from block 4, warp 178 
Hello world from block 4, warp 179 
Hello world from block 4, warp 180 
Hello world from block 4, warp 181 
Hello world from block 4, warp 182 
Hello world from block 4, warp 183 
Hello world from block 4, warp 184 
Hello world from block 4, warp 185 
Hello world from block 4, warp 186 
Hello world from block 4, warp 187 
Hello world from block 4, warp 188 
Hello world from block 4, warp 189 
Hello world from block 4, warp 190 
Hello world from block 4, warp 191 
Hello world from block 4, warp 32 
Hello world from block 4, warp 33 
Hello world from block 4, warp 34 
Hello world from block 4, warp 35 
Hello world from block 4, warp 36 
Hello world from block 4, warp 37 
Hello world from block 4, warp 38 
Hello world from block 4, warp 39 
Hello world from block 4, warp 40 
Hello world from block 4, warp 41 
Hello world from block 4, warp 42 
Hello world from block 4, warp 43 
Hello world from block 4, warp 44 
Hello world from block 4, warp 45 
Hello world from block 4, warp 46 
Hello world from block 4, warp 47 
Hello world from block 4, warp 48 
Hello world from block 4, warp 49 
Hello world from block 4, warp 50 
Hello world from block 4, warp 51 
Hello world from block 4, warp 52 
Hello world from block 4, warp 53 
Hello world from block 4, warp 54 
Hello world from block 4, warp 55 
Hello world from block 4, warp 56 
Hello world from block 4, warp 57 
Hello world from block 4, warp 58 
Hello world from block 4, warp 59 
Hello world from block 4, warp 60 
Hello world from block 4, warp 61 
Hello world from block 4, warp 62 
Hello world from block 4, warp 63 
Hello world from block 2, warp 96 
Hello world from block 2, warp 97 
Hello world from block 2, warp 98 
Hello world from block 2, warp 99 
Hello world from block 2, warp 100 
Hello world from block 2, warp 101 
Hello world from block 2, warp 102 
Hello world from block 2, warp 103 
Hello world from block 2, warp 104 
Hello world from block 2, warp 105 
Hello world from block 2, warp 106 
Hello world from block 2, warp 107 
Hello world from block 2, warp 108 
Hello world from block 2, warp 109 
Hello world from block 2, warp 110 
Hello world from block 2, warp 111 
Hello world from block 2, warp 112 
Hello world from block 2, warp 113 
Hello world from block 2, warp 114 
Hello world from block 2, warp 115 
Hello world from block 2, warp 116 
Hello world from block 2, warp 117 
Hello world from block 2, warp 118 
Hello world from block 2, warp 119 
Hello world from block 2, warp 120 
Hello world from block 2, warp 121 
Hello world from block 2, warp 122 
Hello world from block 2, warp 123 
Hello world from block 2, warp 124 
Hello world from block 2, warp 125 
Hello world from block 2, warp 126 
Hello world from block 2, warp 127 
Hello world from block 2, warp 192 
Hello world from block 2, warp 193 
Hello world from block 2, warp 194 
Hello world from block 2, warp 195 
Hello world from block 2, warp 196 
Hello world from block 2, warp 197 
Hello world from block 2, warp 198 
Hello world from block 2, warp 199 
Hello world from block 2, warp 200 
Hello world from block 2, warp 201 
Hello world from block 2, warp 202 
Hello world from block 2, warp 203 
Hello world from block 2, warp 204 
Hello world from block 2, warp 205 
Hello world from block 2, warp 206 
Hello world from block 2, warp 207 
Hello world from block 2, warp 208 
Hello world from block 2, warp 209 
Hello world from block 2, warp 210 
Hello world from block 2, warp 211 
Hello world from block 2, warp 212 
Hello world from block 2, warp 213 
Hello world from block 2, warp 214 
Hello world from block 2, warp 215 
Hello world from block 2, warp 216 
Hello world from block 2, warp 217 
Hello world from block 2, warp 218 
Hello world from block 2, warp 219 
Hello world from block 2, warp 220 
Hello world from block 2, warp 221 
Hello world from block 2, warp 222 
Hello world from block 2, warp 223 
Hello world from block 4, warp 128 
Hello world from block 4, warp 129 
Hello world from block 4, warp 130 
Hello world from block 4, warp 131 
Hello world from block 4, warp 132 
Hello world from block 4, warp 133 
Hello world from block 4, warp 134 
Hello world from block 4, warp 135 
Hello world from block 4, warp 136 
Hello world from block 4, warp 137 
Hello world from block 4, warp 138 
Hello world from block 4, warp 139 
Hello world from block 4, warp 140 
Hello world from block 4, warp 141 
Hello world from block 4, warp 142 
Hello world from block 4, warp 143 
Hello world from block 4, warp 144 
Hello world from block 4, warp 145 
Hello world from block 4, warp 146 
Hello world from block 4, warp 147 
Hello world from block 4, warp 148 
Hello world from block 4, warp 149 
Hello world from block 4, warp 150 
Hello world from block 4, warp 151 
Hello world from block 4, warp 152 
Hello world from block 4, warp 153 
Hello world from block 4, warp 154 
Hello world from block 4, warp 155 
Hello world from block 4, warp 156 
Hello world from block 4, warp 157 
Hello world from block 4, warp 158 
Hello world from block 4, warp 159 
Hello world from block 4, warp 0 
Hello world from block 4, warp 1 
Hello world from block 4, warp 2 
Hello world from block 4, warp 3 
Hello world from block 4, warp 4 
Hello world from block 4, warp 5 
Hello world from block 4, warp 6 
Hello world from block 4, warp 7 
Hello world from block 4, warp 8 
Hello world from block 4, warp 9 
Hello world from block 4, warp 10 
Hello world from block 4, warp 11 
Hello world from block 4, warp 12 
Hello world from block 4, warp 13 
Hello world from block 4, warp 14 
Hello world from block 4, warp 15 
Hello world from block 4, warp 16 
Hello world from block 4, warp 17 
Hello world from block 4, warp 18 
Hello world from block 4, warp 19 
Hello world from block 4, warp 20 
Hello world from block 4, warp 21 
Hello world from block 4, warp 22 
Hello world from block 4, warp 23 
Hello world from block 4, warp 24 
Hello world from block 4, warp 25 
Hello world from block 4, warp 26 
Hello world from block 4, warp 27 
Hello world from block 4, warp 28 
Hello world from block 4, warp 29 
Hello world from block 4, warp 30 
Hello world from block 4, warp 31 
Hello world from block 0, warp 128 
Hello world from block 0, warp 129 
Hello world from block 0, warp 130 
Hello world from block 0, warp 131 
Hello world from block 0, warp 132 
Hello world from block 0, warp 133 
Hello world from block 0, warp 134 
Hello world from block 0, warp 135 
Hello world from block 0, warp 136 
Hello world from block 0, warp 137 
Hello world from block 0, warp 138 
Hello world from block 0, warp 139 
Hello world from block 0, warp 140 
Hello world from block 0, warp 141 
Hello world from block 0, warp 142 
Hello world from block 0, warp 143 
Hello world from block 0, warp 144 
Hello world from block 0, warp 145 
Hello world from block 0, warp 146 
Hello world from block 0, warp 147 
Hello world from block 0, warp 148 
Hello world from block 0, warp 149 
Hello world from block 0, warp 150 
Hello world from block 0, warp 151 
Hello world from block 0, warp 152 
Hello world from block 0, warp 153 
Hello world from block 0, warp 154 
Hello world from block 0, warp 155 
Hello world from block 0, warp 156 
Hello world from block 0, warp 157 
Hello world from block 0, warp 158 
Hello world from block 0, warp 159 
Hello world from block 0, warp 0 
Hello world from block 0, warp 1 
Hello world from block 0, warp 2 
Hello world from block 0, warp 3 
Hello world from block 0, warp 4 
Hello world from block 0, warp 5 
Hello world from block 0, warp 6 
Hello world from block 0, warp 7 
Hello world from block 0, warp 8 
Hello world from block 0, warp 9 
Hello world from block 0, warp 10 
Hello world from block 0, warp 11 
Hello world from block 0, warp 12 
Hello world from block 0, warp 13 
Hello world from block 0, warp 14 
Hello world from block 0, warp 15 
Hello world from block 0, warp 16 
Hello world from block 0, warp 17 
Hello world from block 0, warp 18 
Hello world from block 0, warp 19 
Hello world from block 0, warp 20 
Hello world from block 0, warp 21 
Hello world from block 0, warp 22 
Hello world from block 0, warp 23 
Hello world from block 0, warp 24 
Hello world from block 0, warp 25 
Hello world from block 0, warp 26 
Hello world from block 0, warp 27 
Hello world from block 0, warp 28 
Hello world from block 0, warp 29 
Hello world from block 0, warp 30 
Hello world from block 0, warp 31 
Hello world from block 0, warp 160 
Hello world from block 0, warp 161 
Hello world from block 0, warp 162 
Hello world from block 0, warp 163 
Hello world from block 0, warp 164 
Hello world from block 0, warp 165 
Hello world from block 0, warp 166 
Hello world from block 0, warp 167 
Hello world from block 0, warp 168 
Hello world from block 0, warp 169 
Hello world from block 0, warp 170 
Hello world from block 0, warp 171 
Hello world from block 0, warp 172 
Hello world from block 0, warp 173 
Hello world from block 0, warp 174 
Hello world from block 0, warp 175 
Hello world from block 0, warp 176 
Hello world from block 0, warp 177 
Hello world from block 0, warp 178 
Hello world from block 0, warp 179 
Hello world from block 0, warp 180 
Hello world from block 0, warp 181 
Hello world from block 0, warp 182 
Hello world from block 0, warp 183 
Hello world from block 0, warp 184 
Hello world from block 0, warp 185 
Hello world from block 0, warp 186 
Hello world from block 0, warp 187 
Hello world from block 0, warp 188 
Hello world from block 0, warp 189 
Hello world from block 0, warp 190 
Hello world from block 0, warp 191 
Hello world from block 2, warp 224 
Hello world from block 2, warp 225 
Hello world from block 2, warp 226 
Hello world from block 2, warp 227 
Hello world from block 2, warp 228 
Hello world from block 2, warp 229 
Hello world from block 2, warp 230 
Hello world from block 2, warp 231 
Hello world from block 2, warp 232 
Hello world from block 2, warp 233 
Hello world from block 2, warp 234 
Hello world from block 2, warp 235 
Hello world from block 2, warp 236 
Hello world from block 2, warp 237 
Hello world from block 2, warp 238 
Hello world from block 2, warp 239 
Hello world from block 2, warp 240 
Hello world from block 2, warp 241 
Hello world from block 2, warp 242 
Hello world from block 2, warp 243 
Hello world from block 2, warp 244 
Hello world from block 2, warp 245 
Hello world from block 2, warp 246 
Hello world from block 2, warp 247 
Hello world from block 2, warp 248 
Hello world from block 2, warp 249 
Hello world from block 2, warp 250 
Hello world from block 2, warp 251 
Hello world from block 2, warp 252 
Hello world from block 2, warp 253 
Hello world from block 2, warp 254 
Hello world from block 2, warp 255 
Hello world from block 3, warp 256 
Hello world from block 3, warp 257 
Hello world from block 3, warp 258 
Hello world from block 3, warp 259 
Hello world from block 3, warp 260 
Hello world from block 3, warp 261 
Hello world from block 3, warp 262 
Hello world from block 3, warp 263 
Hello world from block 3, warp 264 
Hello world from block 3, warp 265 
Hello world from block 3, warp 266 
Hello world from block 3, warp 267 
Hello world from block 3, warp 268 
Hello world from block 3, warp 269 
Hello world from block 3, warp 270 
Hello world from block 3, warp 271 
Hello world from block 3, warp 272 
Hello world from block 3, warp 273 
Hello world from block 3, warp 274 
Hello world from block 3, warp 275 
Hello world from block 3, warp 276 
Hello world from block 3, warp 277 
Hello world from block 3, warp 278 
Hello world from block 3, warp 279 
Hello world from block 3, warp 280 
Hello world from block 3, warp 281 
Hello world from block 3, warp 282 
Hello world from block 3, warp 283 
Hello world from block 3, warp 284 
Hello world from block 3, warp 285 
Hello world from block 3, warp 286 
Hello world from block 3, warp 287 
Hello world from block 0, warp 288 
Hello world from block 0, warp 289 
Hello world from block 0, warp 290 
Hello world from block 0, warp 291 
Hello world from block 0, warp 292 
Hello world from block 0, warp 293 
Hello world from block 0, warp 294 
Hello world from block 0, warp 295 
Hello world from block 0, warp 296 
Hello world from block 0, warp 297 
Hello world from block 0, warp 298 
Hello world from block 0, warp 299 
Hello world from block 0, warp 300 
Hello world from block 0, warp 301 
Hello world from block 0, warp 302 
Hello world from block 0, warp 303 
Hello world from block 0, warp 304 
Hello world from block 0, warp 305 
Hello world from block 0, warp 306 
Hello world from block 0, warp 307 
Hello world from block 0, warp 308 
Hello world from block 0, warp 309 
Hello world from block 0, warp 310 
Hello world from block 0, warp 311 
Hello world from block 0, warp 312 
Hello world from block 0, warp 313 
Hello world from block 0, warp 314 
Hello world from block 0, warp 315 
Hello world from block 0, warp 316 
Hello world from block 0, warp 317 
Hello world from block 0, warp 318 
Hello world from block 0, warp 319 
Hello world from block 3, warp 160 
Hello world from block 3, warp 161 
Hello world from block 3, warp 162 
Hello world from block 3, warp 163 
Hello world from block 3, warp 164 
Hello world from block 3, warp 165 
Hello world from block 3, warp 166 
Hello world from block 3, warp 167 
Hello world from block 3, warp 168 
Hello world from block 3, warp 169 
Hello world from block 3, warp 170 
Hello world from block 3, warp 171 
Hello world from block 3, warp 172 
Hello world from block 3, warp 173 
Hello world from block 3, warp 174 
Hello world from block 3, warp 175 
Hello world from block 3, warp 176 
Hello world from block 3, warp 177 
Hello world from block 3, warp 178 
Hello world from block 3, warp 179 
Hello world from block 3, warp 180 
Hello world from block 3, warp 181 
Hello world from block 3, warp 182 
Hello world from block 3, warp 183 
Hello world from block 3, warp 184 
Hello world from block 3, warp 185 
Hello world from block 3, warp 186 
Hello world from block 3, warp 187 
Hello world from block 3, warp 188 
Hello world from block 3, warp 189 
Hello world from block 3, warp 190 
Hello world from block 3, warp 191 
Hello world from block 4, warp 288 
Hello world from block 4, warp 289 
Hello world from block 4, warp 290 
Hello world from block 4, warp 291 
Hello world from block 4, warp 292 
Hello world from block 4, warp 293 
Hello world from block 4, warp 294 
Hello world from block 4, warp 295 
Hello world from block 4, warp 296 
Hello world from block 4, warp 297 
Hello world from block 4, warp 298 
Hello world from block 4, warp 299 
Hello world from block 4, warp 300 
Hello world from block 4, warp 301 
Hello world from block 4, warp 302 
Hello world from block 4, warp 303 
Hello world from block 4, warp 304 
Hello world from block 4, warp 305 
Hello world from block 4, warp 306 
Hello world from block 4, warp 307 
Hello world from block 4, warp 308 
Hello world from block 4, warp 309 
Hello world from block 4, warp 310 
Hello world from block 4, warp 311 
Hello world from block 4, warp 312 
Hello world from block 4, warp 313 
Hello world from block 4, warp 314 
Hello world from block 4, warp 315 
Hello world from block 4, warp 316 
Hello world from block 4, warp 317 
Hello world from block 4, warp 318 
Hello world from block 4, warp 319 
Hello world from block 3, warp 32 
Hello world from block 3, warp 33 
Hello world from block 3, warp 34 
Hello world from block 3, warp 35 
Hello world from block 3, warp 36 
Hello world from block 3, warp 37 
Hello world from block 3, warp 38 
Hello world from block 3, warp 39 
Hello world from block 3, warp 40 
Hello world from block 3, warp 41 
Hello world from block 3, warp 42 
Hello world from block 3, warp 43 
Hello world from block 3, warp 44 
Hello world from block 3, warp 45 
Hello world from block 3, warp 46 
Hello world from block 3, warp 47 
Hello world from block 3, warp 48 
Hello world from block 3, warp 49 
Hello world from block 3, warp 50 
Hello world from block 3, warp 51 
Hello world from block 3, warp 52 
Hello world from block 3, warp 53 
Hello world from block 3, warp 54 
Hello world from block 3, warp 55 
Hello world from block 3, warp 56 
Hello world from block 3, warp 57 
Hello world from block 3, warp 58 
Hello world from block 3, warp 59 
Hello world from block 3, warp 60 
Hello world from block 3, warp 61 
Hello world from block 3, warp 62 
Hello world from block 3, warp 63 
Hello world from block 3, warp 128 
Hello world from block 3, warp 129 
Hello world from block 3, warp 130 
Hello world from block 3, warp 131 
Hello world from block 3, warp 132 
Hello world from block 3, warp 133 
Hello world from block 3, warp 134 
Hello world from block 3, warp 135 
Hello world from block 3, warp 136 
Hello world from block 3, warp 137 
Hello world from block 3, warp 138 
Hello world from block 3, warp 139 
Hello world from block 3, warp 140 
Hello world from block 3, warp 141 
Hello world from block 3, warp 142 
Hello world from block 3, warp 143 
Hello world from block 3, warp 144 
Hello world from block 3, warp 145 
Hello world from block 3, warp 146 
Hello world from block 3, warp 147 
Hello world from block 3, warp 148 
Hello world from block 3, warp 149 
Hello world from block 3, warp 150 
Hello world from block 3, warp 151 
Hello world from block 3, warp 152 
Hello world from block 3, warp 153 
Hello world from block 3, warp 154 
Hello world from block 3, warp 155 
Hello world from block 3, warp 156 
Hello world from block 3, warp 157 
Hello world from block 3, warp 158 
Hello world from block 3, warp 159 
Hello world from block 3, warp 0 
Hello world from block 3, warp 1 
Hello world from block 3, warp 2 
Hello world from block 3, warp 3 
Hello world from block 3, warp 4 
Hello world from block 3, warp 5 
Hello world from block 3, warp 6 
Hello world from block 3, warp 7 
Hello world from block 3, warp 8 
Hello world from block 3, warp 9 
Hello world from block 3, warp 10 
Hello world from block 3, warp 11 
Hello world from block 3, warp 12 
Hello world from block 3, warp 13 
Hello world from block 3, warp 14 
Hello world from block 3, warp 15 
Hello world from block 3, warp 16 
Hello world from block 3, warp 17 
Hello world from block 3, warp 18 
Hello world from block 3, warp 19 
Hello world from block 3, warp 20 
Hello world from block 3, warp 21 
Hello world from block 3, warp 22 
Hello world from block 3, warp 23 
Hello world from block 3, warp 24 
Hello world from block 3, warp 25 
Hello world from block 3, warp 26 
Hello world from block 3, warp 27 
Hello world from block 3, warp 28 
Hello world from block 3, warp 29 
Hello world from block 3, warp 30 
Hello world from block 3, warp 31 
Hello world from block 2, warp 288 
Hello world from block 2, warp 289 
Hello world from block 2, warp 290 
Hello world from block 2, warp 291 
Hello world from block 2, warp 292 
Hello world from block 2, warp 293 
Hello world from block 2, warp 294 
Hello world from block 2, warp 295 
Hello world from block 2, warp 296 
Hello world from block 2, warp 297 
Hello world from block 2, warp 298 
Hello world from block 2, warp 299 
Hello world from block 2, warp 300 
Hello world from block 2, warp 301 
Hello world from block 2, warp 302 
Hello world from block 2, warp 303 
Hello world from block 2, warp 304 
Hello world from block 2, warp 305 
Hello world from block 2, warp 306 
Hello world from block 2, warp 307 
Hello world from block 2, warp 308 
Hello world from block 2, warp 309 
Hello world from block 2, warp 310 
Hello world from block 2, warp 311 
Hello world from block 2, warp 312 
Hello world from block 2, warp 313 
Hello world from block 2, warp 314 
Hello world from block 2, warp 315 
Hello world from block 2, warp 316 
Hello world from block 2, warp 317 
Hello world from block 2, warp 318 
Hello world from block 2, warp 319 
Hello world from block 2, warp 160 
Hello world from block 2, warp 161 
Hello world from block 2, warp 162 
Hello world from block 2, warp 163 
Hello world from block 2, warp 164 
Hello world from block 2, warp 165 
Hello world from block 2, warp 166 
Hello world from block 2, warp 167 
Hello world from block 2, warp 168 
Hello world from block 2, warp 169 
Hello world from block 2, warp 170 
Hello world from block 2, warp 171 
Hello world from block 2, warp 172 
Hello world from block 2, warp 173 
Hello world from block 2, warp 174 
Hello world from block 2, warp 175 
Hello world from block 2, warp 176 
Hello world from block 2, warp 177 
Hello world from block 2, warp 178 
Hello world from block 2, warp 179 
Hello world from block 2, warp 180 
Hello world from block 2, warp 181 
Hello world from block 2, warp 182 
Hello world from block 2, warp 183 
Hello world from block 2, warp 184 
Hello world from block 2, warp 185 
Hello world from block 2, warp 186 
Hello world from block 2, warp 187 
Hello world from block 2, warp 188 
Hello world from block 2, warp 189 
Hello world from block 2, warp 190 
Hello world from block 2, warp 191 
Hello world from block 2, warp 256 
Hello world from block 2, warp 257 
Hello world from block 2, warp 258 
Hello world from block 2, warp 259 
Hello world from block 2, warp 260 
Hello world from block 2, warp 261 
Hello world from block 2, warp 262 
Hello world from block 2, warp 263 
Hello world from block 2, warp 264 
Hello world from block 2, warp 265 
Hello world from block 2, warp 266 
Hello world from block 2, warp 267 
Hello world from block 2, warp 268 
Hello world from block 2, warp 269 
Hello world from block 2, warp 270 
Hello world from block 2, warp 271 
Hello world from block 2, warp 272 
Hello world from block 2, warp 273 
Hello world from block 2, warp 274 
Hello world from block 2, warp 275 
Hello world from block 2, warp 276 
Hello world from block 2, warp 277 
Hello world from block 2, warp 278 
Hello world from block 2, warp 279 
Hello world from block 2, warp 280 
Hello world from block 2, warp 281 
Hello world from block 2, warp 282 
Hello world from block 2, warp 283 
Hello world from block 2, warp 284 
Hello world from block 2, warp 285 
Hello world from block 2, warp 286 
Hello world from block 2, warp 287 
Hello world from block 2, warp 128 
Hello world from block 2, warp 129 
Hello world from block 2, warp 130 
Hello world from block 2, warp 131 
Hello world from block 2, warp 132 
Hello world from block 2, warp 133 
Hello world from block 2, warp 134 
Hello world from block 2, warp 135 
Hello world from block 2, warp 136 
Hello world from block 2, warp 137 
Hello world from block 2, warp 138 
Hello world from block 2, warp 139 
Hello world from block 2, warp 140 
Hello world from block 2, warp 141 
Hello world from block 2, warp 142 
Hello world from block 2, warp 143 
Hello world from block 2, warp 144 
Hello world from block 2, warp 145 
Hello world from block 2, warp 146 
Hello world from block 2, warp 147 
Hello world from block 2, warp 148 
Hello world from block 2, warp 149 
Hello world from block 2, warp 150 
Hello world from block 2, warp 151 
Hello world from block 2, warp 152 
Hello world from block 2, warp 153 
Hello world from block 2, warp 154 
Hello world from block 2, warp 155 
Hello world from block 2, warp 156 
Hello world from block 2, warp 157 
Hello world from block 2, warp 158 
Hello world from block 2, warp 159 
Hello world from block 2, warp 0 
Hello world from block 2, warp 1 
Hello world from block 2, warp 2 
Hello world from block 2, warp 3 
Hello world from block 2, warp 4 
Hello world from block 2, warp 5 
Hello world from block 2, warp 6 
Hello world from block 2, warp 7 
Hello world from block 2, warp 8 
Hello world from block 2, warp 9 
Hello world from block 2, warp 10 
Hello world from block 2, warp 11 
Hello world from block 2, warp 12 
Hello world from block 2, warp 13 
Hello world from block 2, warp 14 
Hello world from block 2, warp 15 
Hello world from block 2, warp 16 
Hello world from block 2, warp 17 
Hello world from block 2, warp 18 
Hello world from block 2, warp 19 
Hello world from block 2, warp 20 
Hello world from block 2, warp 21 
Hello world from block 2, warp 22 
Hello world from block 2, warp 23 
Hello world from block 2, warp 24 
Hello world from block 2, warp 25 
Hello world from block 2, warp 26 
Hello world from block 2, warp 27 
Hello world from block 2, warp 28 
Hello world from block 2, warp 29 
Hello world from block 2, warp 30 
Hello world from block 2, warp 31 
Hello world from block 2, warp 32 
Hello world from block 2, warp 33 
Hello world from block 2, warp 34 
Hello world from block 2, warp 35 
Hello world from block 2, warp 36 
Hello world from block 2, warp 37 
Hello world from block 2, warp 38 
Hello world from block 2, warp 39 
Hello world from block 2, warp 40 
Hello world from block 2, warp 41 
Hello world from block 2, warp 42 
Hello world from block 2, warp 43 
Hello world from block 2, warp 44 
Hello world from block 2, warp 45 
Hello world from block 2, warp 46 
Hello world from block 2, warp 47 
Hello world from block 2, warp 48 
Hello world from block 2, warp 49 
Hello world from block 2, warp 50 
Hello world from block 2, warp 51 
Hello world from block 2, warp 52 
Hello world from block 2, warp 53 
Hello world from block 2, warp 54 
Hello world from block 2, warp 55 
Hello world from block 2, warp 56 
Hello world from block 2, warp 57 
Hello world from block 2, warp 58 
Hello world from block 2, warp 59 
Hello world from block 2, warp 60 
Hello world from block 2, warp 61 
Hello world from block 2, warp 62 
Hello world from block 2, warp 63 
Hello world from block 1, warp 192 
Hello world from block 1, warp 193 
Hello world from block 1, warp 194 
Hello world from block 1, warp 195 
Hello world from block 1, warp 196 
Hello world from block 1, warp 197 
Hello world from block 1, warp 198 
Hello world from block 1, warp 199 
Hello world from block 1, warp 200 
Hello world from block 1, warp 201 
Hello world from block 1, warp 202 
Hello world from block 1, warp 203 
Hello world from block 1, warp 204 
Hello world from block 1, warp 205 
Hello world from block 1, warp 206 
Hello world from block 1, warp 207 
Hello world from block 1, warp 208 
Hello world from block 1, warp 209 
Hello world from block 1, warp 210 
Hello world from block 1, warp 211 
Hello world from block 1, warp 212 
Hello world from block 1, warp 213 
Hello world from block 1, warp 214 
Hello world from block 1, warp 215 
Hello world from block 1, warp 216 
Hello world from block 1, warp 217 
Hello world from block 1, warp 218 
Hello world from block 1, warp 219 
Hello world from block 1, warp 220 
Hello world from block 1, warp 221 
Hello world from block 1, warp 222 
Hello world from block 1, warp 223 
Hello world from block 1, warp 64 
Hello world from block 1, warp 65 
Hello world from block 1, warp 66 
Hello world from block 1, warp 67 
Hello world from block 1, warp 68 
Hello world from block 1, warp 69 
Hello world from block 1, warp 70 
Hello world from block 1, warp 71 
Hello world from block 1, warp 72 
Hello world from block 1, warp 73 
Hello world from block 1, warp 74 
Hello world from block 1, warp 75 
Hello world from block 1, warp 76 
Hello world from block 1, warp 77 
Hello world from block 1, warp 78 
Hello world from block 1, warp 79 
Hello world from block 1, warp 80 
Hello world from block 1, warp 81 
Hello world from block 1, warp 82 
Hello world from block 1, warp 83 
Hello world from block 1, warp 84 
Hello world from block 1, warp 85 
Hello world from block 1, warp 86 
Hello world from block 1, warp 87 
Hello world from block 1, warp 88 
Hello world from block 1, warp 89 
Hello world from block 1, warp 90 
Hello world from block 1, warp 91 
Hello world from block 1, warp 92 
Hello world from block 1, warp 93 
Hello world from block 1, warp 94 
Hello world from block 1, warp 95 
Hello world from block 1, warp 224 
Hello world from block 1, warp 225 
Hello world from block 1, warp 226 
Hello world from block 1, warp 227 
Hello world from block 1, warp 228 
Hello world from block 1, warp 229 
Hello world from block 1, warp 230 
Hello world from block 1, warp 231 
Hello world from block 1, warp 232 
Hello world from block 1, warp 233 
Hello world from block 1, warp 234 
Hello world from block 1, warp 235 
Hello world from block 1, warp 236 
Hello world from block 1, warp 237 
Hello world from block 1, warp 238 
Hello world from block 1, warp 239 
Hello world from block 1, warp 240 
Hello world from block 1, warp 241 
Hello world from block 1, warp 242 
Hello world from block 1, warp 243 
Hello world from block 1, warp 244 
Hello world from block 1, warp 245 
Hello world from block 1, warp 246 
Hello world from block 1, warp 247 
Hello world from block 1, warp 248 
Hello world from block 1, warp 249 
Hello world from block 1, warp 250 
Hello world from block 1, warp 251 
Hello world from block 1, warp 252 
Hello world from block 1, warp 253 
Hello world from block 1, warp 254 
Hello world from block 1, warp 255 
Hello world from block 1, warp 128 
Hello world from block 1, warp 129 
Hello world from block 1, warp 130 
Hello world from block 1, warp 131 
Hello world from block 1, warp 132 
Hello world from block 1, warp 133 
Hello world from block 1, warp 134 
Hello world from block 1, warp 135 
Hello world from block 1, warp 136 
Hello world from block 1, warp 137 
Hello world from block 1, warp 138 
Hello world from block 1, warp 139 
Hello world from block 1, warp 140 
Hello world from block 1, warp 141 
Hello world from block 1, warp 142 
Hello world from block 1, warp 143 
Hello world from block 1, warp 144 
Hello world from block 1, warp 145 
Hello world from block 1, warp 146 
Hello world from block 1, warp 147 
Hello world from block 1, warp 148 
Hello world from block 1, warp 149 
Hello world from block 1, warp 150 
Hello world from block 1, warp 151 
Hello world from block 1, warp 152 
Hello world from block 1, warp 153 
Hello world from block 1, warp 154 
Hello world from block 1, warp 155 
Hello world from block 1, warp 156 
Hello world from block 1, warp 157 
Hello world from block 1, warp 158 
Hello world from block 1, warp 159 
Hello world from block 1, warp 96 
Hello world from block 1, warp 97 
Hello world from block 1, warp 98 
Hello world from block 1, warp 99 
Hello world from block 1, warp 100 
Hello world from block 1, warp 101 
Hello world from block 1, warp 102 
Hello world from block 1, warp 103 
Hello world from block 1, warp 104 
Hello world from block 1, warp 105 
Hello world from block 1, warp 106 
Hello world from block 1, warp 107 
Hello world from block 1, warp 108 
Hello world from block 1, warp 109 
Hello world from block 1, warp 110 
Hello world from block 1, warp 111 
Hello world from block 1, warp 112 
Hello world from block 1, warp 113 
Hello world from block 1, warp 114 
Hello world from block 1, warp 115 
Hello world from block 1, warp 116 
Hello world from block 1, warp 117 
Hello world from block 1, warp 118 
Hello world from block 1, warp 119 
Hello world from block 1, warp 120 
Hello world from block 1, warp 121 
Hello world from block 1, warp 122 
Hello world from block 1, warp 123 
Hello world from block 1, warp 124 
Hello world from block 1, warp 125 
Hello world from block 1, warp 126 
Hello world from block 1, warp 127 
Hello world from block 1, warp 256 
Hello world from block 1, warp 257 
Hello world from block 1, warp 258 
Hello world from block 1, warp 259 
Hello world from block 1, warp 260 
Hello world from block 1, warp 261 
Hello world from block 1, warp 262 
Hello world from block 1, warp 263 
Hello world from block 1, warp 264 
Hello world from block 1, warp 265 
Hello world from block 1, warp 266 
Hello world from block 1, warp 267 
Hello world from block 1, warp 268 
Hello world from block 1, warp 269 
Hello world from block 1, warp 270 
Hello world from block 1, warp 271 
Hello world from block 1, warp 272 
Hello world from block 1, warp 273 
Hello world from block 1, warp 274 
Hello world from block 1, warp 275 
Hello world from block 1, warp 276 
Hello world from block 1, warp 277 
Hello world from block 1, warp 278 
Hello world from block 1, warp 279 
Hello world from block 1, warp 280 
Hello world from block 1, warp 281 
Hello world from block 1, warp 282 
Hello world from block 1, warp 283 
Hello world from block 1, warp 284 
Hello world from block 1, warp 285 
Hello world from block 1, warp 286 
Hello world from block 1, warp 287 
Hello world from block 1, warp 0 
Hello world from block 1, warp 1 
Hello world from block 1, warp 2 
Hello world from block 1, warp 3 
Hello world from block 1, warp 4 
Hello world from block 1, warp 5 
Hello world from block 1, warp 6 
Hello world from block 1, warp 7 
Hello world from block 1, warp 8 
Hello world from block 1, warp 9 
Hello world from block 1, warp 10 
Hello world from block 1, warp 11 
Hello world from block 1, warp 12 
Hello world from block 1, warp 13 
Hello world from block 1, warp 14 
Hello world from block 1, warp 15 
Hello world from block 1, warp 16 
Hello world from block 1, warp 17 
Hello world from block 1, warp 18 
Hello world from block 1, warp 19 
Hello world from block 1, warp 20 
Hello world from block 1, warp 21 
Hello world from block 1, warp 22 
Hello world from block 1, warp 23 
Hello world from block 1, warp 24 
Hello world from block 1, warp 25 
Hello world from block 1, warp 26 
Hello world from block 1, warp 27 
Hello world from block 1, warp 28 
Hello world from block 1, warp 29 
Hello world from block 1, warp 30 
Hello world from block 1, warp 31 
Hello world from block 1, warp 160 
Hello world from block 1, warp 161 
Hello world from block 1, warp 162 
Hello world from block 1, warp 163 
Hello world from block 1, warp 164 
Hello world from block 1, warp 165 
Hello world from block 1, warp 166 
Hello world from block 1, warp 167 
Hello world from block 1, warp 168 
Hello world from block 1, warp 169 
Hello world from block 1, warp 170 
Hello world from block 1, warp 171 
Hello world from block 1, warp 172 
Hello world from block 1, warp 173 
Hello world from block 1, warp 174 
Hello world from block 1, warp 175 
Hello world from block 1, warp 176 
Hello world from block 1, warp 177 
Hello world from block 1, warp 178 
Hello world from block 1, warp 179 
Hello world from block 1, warp 180 
Hello world from block 1, warp 181 
Hello world from block 1, warp 182 
Hello world from block 1, warp 183 
Hello world from block 1, warp 184 
Hello world from block 1, warp 185 
Hello world from block 1, warp 186 
Hello world from block 1, warp 187 
Hello world from block 1, warp 188 
Hello world from block 1, warp 189 
Hello world from block 1, warp 190 
Hello world from block 1, warp 191 
Hello world from block 1, warp 288 
Hello world from block 1, warp 289 
Hello world from block 1, warp 290 
Hello world from block 1, warp 291 
Hello world from block 1, warp 292 
Hello world from block 1, warp 293 
Hello world from block 1, warp 294 
Hello world from block 1, warp 295 
Hello world from block 1, warp 296 
Hello world from block 1, warp 297 
Hello world from block 1, warp 298 
Hello world from block 1, warp 299 
Hello world from block 1, warp 300 
Hello world from block 1, warp 301 
Hello world from block 1, warp 302 
Hello world from block 1, warp 303 
Hello world from block 1, warp 304 
Hello world from block 1, warp 305 
Hello world from block 1, warp 306 
Hello world from block 1, warp 307 
Hello world from block 1, warp 308 
Hello world from block 1, warp 309 
Hello world from block 1, warp 310 
Hello world from block 1, warp 311 
Hello world from block 1, warp 312 
Hello world from block 1, warp 313 
Hello world from block 1, warp 314 
Hello world from block 1, warp 315 
Hello world from block 1, warp 316 
Hello world from block 1, warp 317 
Hello world from block 1, warp 318 
Hello world from block 1, warp 319 
Hello world from block 1, warp 32 
Hello world from block 1, warp 33 
Hello world from block 1, warp 34 
Hello world from block 1, warp 35 
Hello world from block 1, warp 36 
Hello world from block 1, warp 37 
Hello world from block 1, warp 38 
Hello world from block 1, warp 39 
Hello world from block 1, warp 40 
Hello world from block 1, warp 41 
Hello world from block 1, warp 42 
Hello world from block 1, warp 43 
Hello world from block 1, warp 44 
Hello world from block 1, warp 45 
Hello world from block 1, warp 46 
Hello world from block 1, warp 47 
Hello world from block 1, warp 48 
Hello world from block 1, warp 49 
Hello world from block 1, warp 50 
Hello world from block 1, warp 51 
Hello world from block 1, warp 52 
Hello world from block 1, warp 53 
Hello world from block 1, warp 54 
Hello world from block 1, warp 55 
Hello world from block 1, warp 56 
Hello world from block 1, warp 57 
Hello world from block 1, warp 58 
Hello world from block 1, warp 59 
Hello world from block 1, warp 60 
Hello world from block 1, warp 61 
Hello world from block 1, warp 62 
Hello world from block 1, warp 63 
